
**** Build of configuration Debug for project lab6 ****

"C:\\ti\\ccs1110\\ccs\\utils\\bin\\gmake" -k -j 16 all -O 
 
Building file: "../timers_uart.c"
Invoking: Arm Compiler
"C:/ti/ccs1110/ccs/tools/compiler/ti-cgt-arm_20.2.5.LTS/bin/armcl" -mv7M4 --code_state=16 --float_support=FPv4SPD16 -me --include_path="C:/Users/fersa/Desktop/UVG/Sem1_4/Procesamiento de Señales/CCS/lab6" --include_path="C:/ti/ccs1110/ccs/tools/compiler/ti-cgt-arm_20.2.5.LTS/include" --define=ccs="ccs" --define=PART_TM4C123GH6PM -g --gcc --diag_warning=225 --diag_wrap=off --display_error_number --abi=eabi --preproc_with_compile --preproc_dependency="timers_uart.d_raw"  "../timers_uart.c"
 
>> Compilation failure
subdir_rules.mk:9: recipe for target 'timers_uart.obj' failed
"../timers_uart.c", line 36: fatal error #1965: cannot open source file "inc/hw_ints.h"
1 catastrophic error detected in the compilation of "../timers_uart.c".
Compilation terminated.
gmake: *** [timers_uart.obj] Error 1
Building file: "../uartstdio.c"
Invoking: Arm Compiler
"C:/ti/ccs1110/ccs/tools/compiler/ti-cgt-arm_20.2.5.LTS/bin/armcl" -mv7M4 --code_state=16 --float_support=FPv4SPD16 -me --include_path="C:/Users/fersa/Desktop/UVG/Sem1_4/Procesamiento de Señales/CCS/lab6" --include_path="C:/ti/ccs1110/ccs/tools/compiler/ti-cgt-arm_20.2.5.LTS/include" --define=ccs="ccs" --define=PART_TM4C123GH6PM -g --gcc --diag_warning=225 --diag_wrap=off --display_error_number --abi=eabi --preproc_with_compile --preproc_dependency="uartstdio.d_raw"  "../uartstdio.c"
 
>> Compilation failure
subdir_rules.mk:9: recipe for target 'uartstdio.obj' failed
"../uartstdio.c", line 28: fatal error #1965: cannot open source file "inc/hw_ints.h"
1 catastrophic error detected in the compilation of "../uartstdio.c".
Compilation terminated.
gmake: *** [uartstdio.obj] Error 1
Building file: "../tm4c123gh6pm_startup_ccs.c"
Invoking: Arm Compiler
"C:/ti/ccs1110/ccs/tools/compiler/ti-cgt-arm_20.2.5.LTS/bin/armcl" -mv7M4 --code_state=16 --float_support=FPv4SPD16 -me --include_path="C:/Users/fersa/Desktop/UVG/Sem1_4/Procesamiento de Señales/CCS/lab6" --include_path="C:/ti/ccs1110/ccs/tools/compiler/ti-cgt-arm_20.2.5.LTS/include" --define=ccs="ccs" --define=PART_TM4C123GH6PM -g --gcc --diag_warning=225 --diag_wrap=off --display_error_number --abi=eabi --preproc_with_compile --preproc_dependency="tm4c123gh6pm_startup_ccs.d_raw"  "../tm4c123gh6pm_startup_ccs.c"
Finished building: "../tm4c123gh6pm_startup_ccs.c"
 
gmake: Target 'all' not remade because of errors.

**** Build Finished ****

**** Build of configuration Debug for project lab6 ****

"C:\\ti\\ccs1110\\ccs\\utils\\bin\\gmake" -k -j 16 all -O 
 
Building file: "../adc2_timer_uart.c"
Invoking: Arm Compiler
"C:/ti/ccs1110/ccs/tools/compiler/ti-cgt-arm_20.2.5.LTS/bin/armcl" -mv7M4 --code_state=16 --float_support=FPv4SPD16 -me --include_path="C:/Users/fersa/Desktop/UVG/Sem1_4/Procesamiento de Señales/CCS/lab6" --include_path="C:/ti/ccs1110/ccs/tools/compiler/ti-cgt-arm_20.2.5.LTS/include" --define=ccs="ccs" --define=PART_TM4C123GH6PM -g --gcc --diag_warning=225 --diag_wrap=off --display_error_number --abi=eabi --preproc_with_compile --preproc_dependency="adc2_timer_uart.d_raw"  "../adc2_timer_uart.c"
 
>> Compilation failure
subdir_rules.mk:9: recipe for target 'adc2_timer_uart.obj' failed
"../adc2_timer_uart.c", line 55: fatal error #1965: cannot open source file "inc/hw_ints.h"
1 catastrophic error detected in the compilation of "../adc2_timer_uart.c".
Compilation terminated.
gmake: *** [adc2_timer_uart.obj] Error 1
Building file: "../adc_timer_uart.c"
Invoking: Arm Compiler
"C:/ti/ccs1110/ccs/tools/compiler/ti-cgt-arm_20.2.5.LTS/bin/armcl" -mv7M4 --code_state=16 --float_support=FPv4SPD16 -me --include_path="C:/Users/fersa/Desktop/UVG/Sem1_4/Procesamiento de Señales/CCS/lab6" --include_path="C:/ti/ccs1110/ccs/tools/compiler/ti-cgt-arm_20.2.5.LTS/include" --define=ccs="ccs" --define=PART_TM4C123GH6PM -g --gcc --diag_warning=225 --diag_wrap=off --display_error_number --abi=eabi --preproc_with_compile --preproc_dependency="adc_timer_uart.d_raw"  "../adc_timer_uart.c"
 
>> Compilation failure
subdir_rules.mk:9: recipe for target 'adc_timer_uart.obj' failed
"../adc_timer_uart.c", line 53: fatal error #1965: cannot open source file "inc/hw_ints.h"
1 catastrophic error detected in the compilation of "../adc_timer_uart.c".
Compilation terminated.
gmake: *** [adc_timer_uart.obj] Error 1
Building file: "../adc_uart.c"
Invoking: Arm Compiler
"C:/ti/ccs1110/ccs/tools/compiler/ti-cgt-arm_20.2.5.LTS/bin/armcl" -mv7M4 --code_state=16 --float_support=FPv4SPD16 -me --include_path="C:/Users/fersa/Desktop/UVG/Sem1_4/Procesamiento de Señales/CCS/lab6" --include_path="C:/ti/ccs1110/ccs/tools/compiler/ti-cgt-arm_20.2.5.LTS/include" --define=ccs="ccs" --define=PART_TM4C123GH6PM -g --gcc --diag_warning=225 --diag_wrap=off --display_error_number --abi=eabi --preproc_with_compile --preproc_dependency="adc_uart.d_raw"  "../adc_uart.c"
 
>> Compilation failure
subdir_rules.mk:9: recipe for target 'adc_uart.obj' failed
"../adc_uart.c", line 52: fatal error #1965: cannot open source file "inc/hw_memmap.h"
1 catastrophic error detected in the compilation of "../adc_uart.c".
Compilation terminated.
gmake: *** [adc_uart.obj] Error 1
Building file: "../blinky.c"
Invoking: Arm Compiler
"C:/ti/ccs1110/ccs/tools/compiler/ti-cgt-arm_20.2.5.LTS/bin/armcl" -mv7M4 --code_state=16 --float_support=FPv4SPD16 -me --include_path="C:/Users/fersa/Desktop/UVG/Sem1_4/Procesamiento de Señales/CCS/lab6" --include_path="C:/ti/ccs1110/ccs/tools/compiler/ti-cgt-arm_20.2.5.LTS/include" --define=ccs="ccs" --define=PART_TM4C123GH6PM -g --gcc --diag_warning=225 --diag_wrap=off --display_error_number --abi=eabi --preproc_with_compile --preproc_dependency="blinky.d_raw"  "../blinky.c"
 
>> Compilation failure
subdir_rules.mk:9: recipe for target 'blinky.obj' failed
"../blinky.c", line 27: fatal error #1965: cannot open source file "inc/hw_memmap.h"
1 catastrophic error detected in the compilation of "../blinky.c".
Compilation terminated.
gmake: *** [blinky.obj] Error 1
Building file: "../timers_uart.c"
Invoking: Arm Compiler
"C:/ti/ccs1110/ccs/tools/compiler/ti-cgt-arm_20.2.5.LTS/bin/armcl" -mv7M4 --code_state=16 --float_support=FPv4SPD16 -me --include_path="C:/Users/fersa/Desktop/UVG/Sem1_4/Procesamiento de Señales/CCS/lab6" --include_path="C:/ti/ccs1110/ccs/tools/compiler/ti-cgt-arm_20.2.5.LTS/include" --define=ccs="ccs" --define=PART_TM4C123GH6PM -g --gcc --diag_warning=225 --diag_wrap=off --display_error_number --abi=eabi --preproc_with_compile --preproc_dependency="timers_uart.d_raw"  "../timers_uart.c"
 
>> Compilation failure
subdir_rules.mk:9: recipe for target 'timers_uart.obj' failed
"../timers_uart.c", line 36: fatal error #1965: cannot open source file "inc/hw_ints.h"
1 catastrophic error detected in the compilation of "../timers_uart.c".
Compilation terminated.
gmake: *** [timers_uart.obj] Error 1
Building file: "../uartstdio.c"
Invoking: Arm Compiler
"C:/ti/ccs1110/ccs/tools/compiler/ti-cgt-arm_20.2.5.LTS/bin/armcl" -mv7M4 --code_state=16 --float_support=FPv4SPD16 -me --include_path="C:/Users/fersa/Desktop/UVG/Sem1_4/Procesamiento de Señales/CCS/lab6" --include_path="C:/ti/ccs1110/ccs/tools/compiler/ti-cgt-arm_20.2.5.LTS/include" --define=ccs="ccs" --define=PART_TM4C123GH6PM -g --gcc --diag_warning=225 --diag_wrap=off --display_error_number --abi=eabi --preproc_with_compile --preproc_dependency="uartstdio.d_raw"  "../uartstdio.c"
 
>> Compilation failure
subdir_rules.mk:9: recipe for target 'uartstdio.obj' failed
"../uartstdio.c", line 28: fatal error #1965: cannot open source file "inc/hw_ints.h"
1 catastrophic error detected in the compilation of "../uartstdio.c".
Compilation terminated.
gmake: *** [uartstdio.obj] Error 1
Building file: "../adc_timer_uart_startup_ccs.c"
Invoking: Arm Compiler
"C:/ti/ccs1110/ccs/tools/compiler/ti-cgt-arm_20.2.5.LTS/bin/armcl" -mv7M4 --code_state=16 --float_support=FPv4SPD16 -me --include_path="C:/Users/fersa/Desktop/UVG/Sem1_4/Procesamiento de Señales/CCS/lab6" --include_path="C:/ti/ccs1110/ccs/tools/compiler/ti-cgt-arm_20.2.5.LTS/include" --define=ccs="ccs" --define=PART_TM4C123GH6PM -g --gcc --diag_warning=225 --diag_wrap=off --display_error_number --abi=eabi --preproc_with_compile --preproc_dependency="adc_timer_uart_startup_ccs.d_raw"  "../adc_timer_uart_startup_ccs.c"
Finished building: "../adc_timer_uart_startup_ccs.c"
 
Building file: "../main.c"
Invoking: Arm Compiler
"C:/ti/ccs1110/ccs/tools/compiler/ti-cgt-arm_20.2.5.LTS/bin/armcl" -mv7M4 --code_state=16 --float_support=FPv4SPD16 -me --include_path="C:/Users/fersa/Desktop/UVG/Sem1_4/Procesamiento de Señales/CCS/lab6" --include_path="C:/ti/ccs1110/ccs/tools/compiler/ti-cgt-arm_20.2.5.LTS/include" --define=ccs="ccs" --define=PART_TM4C123GH6PM -g --gcc --diag_warning=225 --diag_wrap=off --display_error_number --abi=eabi --preproc_with_compile --preproc_dependency="main.d_raw"  "../main.c"
Finished building: "../main.c"
 
Building file: "../timers_uart_startup_ccs.c"
Invoking: Arm Compiler
"C:/ti/ccs1110/ccs/tools/compiler/ti-cgt-arm_20.2.5.LTS/bin/armcl" -mv7M4 --code_state=16 --float_support=FPv4SPD16 -me --include_path="C:/Users/fersa/Desktop/UVG/Sem1_4/Procesamiento de Señales/CCS/lab6" --include_path="C:/ti/ccs1110/ccs/tools/compiler/ti-cgt-arm_20.2.5.LTS/include" --define=ccs="ccs" --define=PART_TM4C123GH6PM -g --gcc --diag_warning=225 --diag_wrap=off --display_error_number --abi=eabi --preproc_with_compile --preproc_dependency="timers_uart_startup_ccs.d_raw"  "../timers_uart_startup_ccs.c"
Finished building: "../timers_uart_startup_ccs.c"
 
gmake: Target 'all' not remade because of errors.

**** Build Finished ****

**** Build of configuration Debug for project lab6 ****

"C:\\ti\\ccs1110\\ccs\\utils\\bin\\gmake" -k -j 16 all -O 
 
Building file: "../adc_timer_uart.c"
Invoking: Arm Compiler
"C:/ti/ccs1110/ccs/tools/compiler/ti-cgt-arm_20.2.5.LTS/bin/armcl" -mv7M4 --code_state=16 --float_support=FPv4SPD16 -me --include_path="C:/Users/fersa/Desktop/UVG/Sem1_4/Procesamiento de Señales/CCS/lab6" --include_path="C:/ti/ccs1110/ccs/tools/compiler/ti-cgt-arm_20.2.5.LTS/include" --define=ccs="ccs" --define=PART_TM4C123GH6PM -g --gcc --diag_warning=225 --diag_wrap=off --display_error_number --abi=eabi --preproc_with_compile --preproc_dependency="adc_timer_uart.d_raw"  "../adc_timer_uart.c"
 
>> Compilation failure
subdir_rules.mk:9: recipe for target 'adc_timer_uart.obj' failed
"../adc_timer_uart.c", line 53: fatal error #1965: cannot open source file "inc/hw_ints.h"
1 catastrophic error detected in the compilation of "../adc_timer_uart.c".
Compilation terminated.
gmake: *** [adc_timer_uart.obj] Error 1
Building file: "../adc2_timer_uart.c"
Invoking: Arm Compiler
"C:/ti/ccs1110/ccs/tools/compiler/ti-cgt-arm_20.2.5.LTS/bin/armcl" -mv7M4 --code_state=16 --float_support=FPv4SPD16 -me --include_path="C:/Users/fersa/Desktop/UVG/Sem1_4/Procesamiento de Señales/CCS/lab6" --include_path="C:/ti/ccs1110/ccs/tools/compiler/ti-cgt-arm_20.2.5.LTS/include" --define=ccs="ccs" --define=PART_TM4C123GH6PM -g --gcc --diag_warning=225 --diag_wrap=off --display_error_number --abi=eabi --preproc_with_compile --preproc_dependency="adc2_timer_uart.d_raw"  "../adc2_timer_uart.c"
 
>> Compilation failure
subdir_rules.mk:9: recipe for target 'adc2_timer_uart.obj' failed
"../adc2_timer_uart.c", line 55: fatal error #1965: cannot open source file "inc/hw_ints.h"
1 catastrophic error detected in the compilation of "../adc2_timer_uart.c".
Compilation terminated.
gmake: *** [adc2_timer_uart.obj] Error 1
Building file: "../adc_uart.c"
Invoking: Arm Compiler
"C:/ti/ccs1110/ccs/tools/compiler/ti-cgt-arm_20.2.5.LTS/bin/armcl" -mv7M4 --code_state=16 --float_support=FPv4SPD16 -me --include_path="C:/Users/fersa/Desktop/UVG/Sem1_4/Procesamiento de Señales/CCS/lab6" --include_path="C:/ti/ccs1110/ccs/tools/compiler/ti-cgt-arm_20.2.5.LTS/include" --define=ccs="ccs" --define=PART_TM4C123GH6PM -g --gcc --diag_warning=225 --diag_wrap=off --display_error_number --abi=eabi --preproc_with_compile --preproc_dependency="adc_uart.d_raw"  "../adc_uart.c"
 
>> Compilation failure
subdir_rules.mk:9: recipe for target 'adc_uart.obj' failed
"../adc_uart.c", line 52: fatal error #1965: cannot open source file "inc/hw_memmap.h"
1 catastrophic error detected in the compilation of "../adc_uart.c".
Compilation terminated.
gmake: *** [adc_uart.obj] Error 1
Building file: "../blinky.c"
Invoking: Arm Compiler
"C:/ti/ccs1110/ccs/tools/compiler/ti-cgt-arm_20.2.5.LTS/bin/armcl" -mv7M4 --code_state=16 --float_support=FPv4SPD16 -me --include_path="C:/Users/fersa/Desktop/UVG/Sem1_4/Procesamiento de Señales/CCS/lab6" --include_path="C:/ti/ccs1110/ccs/tools/compiler/ti-cgt-arm_20.2.5.LTS/include" --define=ccs="ccs" --define=PART_TM4C123GH6PM -g --gcc --diag_warning=225 --diag_wrap=off --display_error_number --abi=eabi --preproc_with_compile --preproc_dependency="blinky.d_raw"  "../blinky.c"
 
>> Compilation failure
subdir_rules.mk:9: recipe for target 'blinky.obj' failed
"../blinky.c", line 27: fatal error #1965: cannot open source file "inc/hw_memmap.h"
1 catastrophic error detected in the compilation of "../blinky.c".
Compilation terminated.
gmake: *** [blinky.obj] Error 1
Building file: "../timers_uart.c"
Invoking: Arm Compiler
"C:/ti/ccs1110/ccs/tools/compiler/ti-cgt-arm_20.2.5.LTS/bin/armcl" -mv7M4 --code_state=16 --float_support=FPv4SPD16 -me --include_path="C:/Users/fersa/Desktop/UVG/Sem1_4/Procesamiento de Señales/CCS/lab6" --include_path="C:/ti/ccs1110/ccs/tools/compiler/ti-cgt-arm_20.2.5.LTS/include" --define=ccs="ccs" --define=PART_TM4C123GH6PM -g --gcc --diag_warning=225 --diag_wrap=off --display_error_number --abi=eabi --preproc_with_compile --preproc_dependency="timers_uart.d_raw"  "../timers_uart.c"
 
>> Compilation failure
subdir_rules.mk:9: recipe for target 'timers_uart.obj' failed
"../timers_uart.c", line 36: fatal error #1965: cannot open source file "inc/hw_ints.h"
1 catastrophic error detected in the compilation of "../timers_uart.c".
Compilation terminated.
gmake: *** [timers_uart.obj] Error 1
Building file: "../uartstdio.c"
Invoking: Arm Compiler
"C:/ti/ccs1110/ccs/tools/compiler/ti-cgt-arm_20.2.5.LTS/bin/armcl" -mv7M4 --code_state=16 --float_support=FPv4SPD16 -me --include_path="C:/Users/fersa/Desktop/UVG/Sem1_4/Procesamiento de Señales/CCS/lab6" --include_path="C:/ti/ccs1110/ccs/tools/compiler/ti-cgt-arm_20.2.5.LTS/include" --define=ccs="ccs" --define=PART_TM4C123GH6PM -g --gcc --diag_warning=225 --diag_wrap=off --display_error_number --abi=eabi --preproc_with_compile --preproc_dependency="uartstdio.d_raw"  "../uartstdio.c"
 
>> Compilation failure
subdir_rules.mk:9: recipe for target 'uartstdio.obj' failed
"../uartstdio.c", line 28: fatal error #1965: cannot open source file "inc/hw_ints.h"
1 catastrophic error detected in the compilation of "../uartstdio.c".
Compilation terminated.
gmake: *** [uartstdio.obj] Error 1
gmake: Target 'all' not remade because of errors.

**** Build Finished ****

**** Build of configuration Debug for project lab6 ****

"C:\\ti\\ccs1110\\ccs\\utils\\bin\\gmake" -k -j 16 all -O 
 
Building file: "../adc2_timer_uart.c"
Invoking: Arm Compiler
"C:/ti/ccs1110/ccs/tools/compiler/ti-cgt-arm_20.2.5.LTS/bin/armcl" -mv7M4 --code_state=16 --float_support=FPv4SPD16 -me --include_path="C:/Users/fersa/Desktop/UVG/Sem1_4/Procesamiento de Señales/CCS/lab6" --include_path="C:/ti/ccs1110/ccs/tools/compiler/ti-cgt-arm_20.2.5.LTS/include" --define=ccs="ccs" --define=PART_TM4C123GH6PM -g --gcc --diag_warning=225 --diag_wrap=off --display_error_number --abi=eabi --preproc_with_compile --preproc_dependency="adc2_timer_uart.d_raw"  "../adc2_timer_uart.c"
 
>> Compilation failure
subdir_rules.mk:9: recipe for target 'adc2_timer_uart.obj' failed
"../adc2_timer_uart.c", line 55: fatal error #1965: cannot open source file "inc/hw_ints.h"
1 catastrophic error detected in the compilation of "../adc2_timer_uart.c".
Compilation terminated.
gmake: *** [adc2_timer_uart.obj] Error 1
Building file: "../adc_timer_uart.c"
Invoking: Arm Compiler
"C:/ti/ccs1110/ccs/tools/compiler/ti-cgt-arm_20.2.5.LTS/bin/armcl" -mv7M4 --code_state=16 --float_support=FPv4SPD16 -me --include_path="C:/Users/fersa/Desktop/UVG/Sem1_4/Procesamiento de Señales/CCS/lab6" --include_path="C:/ti/ccs1110/ccs/tools/compiler/ti-cgt-arm_20.2.5.LTS/include" --define=ccs="ccs" --define=PART_TM4C123GH6PM -g --gcc --diag_warning=225 --diag_wrap=off --display_error_number --abi=eabi --preproc_with_compile --preproc_dependency="adc_timer_uart.d_raw"  "../adc_timer_uart.c"
 
>> Compilation failure
subdir_rules.mk:9: recipe for target 'adc_timer_uart.obj' failed
"../adc_timer_uart.c", line 53: fatal error #1965: cannot open source file "inc/hw_ints.h"
1 catastrophic error detected in the compilation of "../adc_timer_uart.c".
Compilation terminated.
gmake: *** [adc_timer_uart.obj] Error 1
Building file: "../adc_uart.c"
Invoking: Arm Compiler
"C:/ti/ccs1110/ccs/tools/compiler/ti-cgt-arm_20.2.5.LTS/bin/armcl" -mv7M4 --code_state=16 --float_support=FPv4SPD16 -me --include_path="C:/Users/fersa/Desktop/UVG/Sem1_4/Procesamiento de Señales/CCS/lab6" --include_path="C:/ti/ccs1110/ccs/tools/compiler/ti-cgt-arm_20.2.5.LTS/include" --define=ccs="ccs" --define=PART_TM4C123GH6PM -g --gcc --diag_warning=225 --diag_wrap=off --display_error_number --abi=eabi --preproc_with_compile --preproc_dependency="adc_uart.d_raw"  "../adc_uart.c"
 
>> Compilation failure
subdir_rules.mk:9: recipe for target 'adc_uart.obj' failed
"../adc_uart.c", line 52: fatal error #1965: cannot open source file "inc/hw_memmap.h"
1 catastrophic error detected in the compilation of "../adc_uart.c".
Compilation terminated.
gmake: *** [adc_uart.obj] Error 1
Building file: "../blinky.c"
Invoking: Arm Compiler
"C:/ti/ccs1110/ccs/tools/compiler/ti-cgt-arm_20.2.5.LTS/bin/armcl" -mv7M4 --code_state=16 --float_support=FPv4SPD16 -me --include_path="C:/Users/fersa/Desktop/UVG/Sem1_4/Procesamiento de Señales/CCS/lab6" --include_path="C:/ti/ccs1110/ccs/tools/compiler/ti-cgt-arm_20.2.5.LTS/include" --define=ccs="ccs" --define=PART_TM4C123GH6PM -g --gcc --diag_warning=225 --diag_wrap=off --display_error_number --abi=eabi --preproc_with_compile --preproc_dependency="blinky.d_raw"  "../blinky.c"
 
>> Compilation failure
subdir_rules.mk:9: recipe for target 'blinky.obj' failed
"../blinky.c", line 27: fatal error #1965: cannot open source file "inc/hw_memmap.h"
1 catastrophic error detected in the compilation of "../blinky.c".
Compilation terminated.
gmake: *** [blinky.obj] Error 1
Building file: "../timers_uart.c"
Invoking: Arm Compiler
"C:/ti/ccs1110/ccs/tools/compiler/ti-cgt-arm_20.2.5.LTS/bin/armcl" -mv7M4 --code_state=16 --float_support=FPv4SPD16 -me --include_path="C:/Users/fersa/Desktop/UVG/Sem1_4/Procesamiento de Señales/CCS/lab6" --include_path="C:/ti/ccs1110/ccs/tools/compiler/ti-cgt-arm_20.2.5.LTS/include" --define=ccs="ccs" --define=PART_TM4C123GH6PM -g --gcc --diag_warning=225 --diag_wrap=off --display_error_number --abi=eabi --preproc_with_compile --preproc_dependency="timers_uart.d_raw"  "../timers_uart.c"
 
>> Compilation failure
subdir_rules.mk:9: recipe for target 'timers_uart.obj' failed
"../timers_uart.c", line 36: fatal error #1965: cannot open source file "inc/hw_ints.h"
1 catastrophic error detected in the compilation of "../timers_uart.c".
Compilation terminated.
gmake: *** [timers_uart.obj] Error 1
Building file: "../uartstdio.c"
Invoking: Arm Compiler
"C:/ti/ccs1110/ccs/tools/compiler/ti-cgt-arm_20.2.5.LTS/bin/armcl" -mv7M4 --code_state=16 --float_support=FPv4SPD16 -me --include_path="C:/Users/fersa/Desktop/UVG/Sem1_4/Procesamiento de Señales/CCS/lab6" --include_path="C:/ti/ccs1110/ccs/tools/compiler/ti-cgt-arm_20.2.5.LTS/include" --define=ccs="ccs" --define=PART_TM4C123GH6PM -g --gcc --diag_warning=225 --diag_wrap=off --display_error_number --abi=eabi --preproc_with_compile --preproc_dependency="uartstdio.d_raw"  "../uartstdio.c"
 
>> Compilation failure
subdir_rules.mk:9: recipe for target 'uartstdio.obj' failed
"../uartstdio.c", line 28: fatal error #1965: cannot open source file "inc/hw_ints.h"
1 catastrophic error detected in the compilation of "../uartstdio.c".
Compilation terminated.
gmake: *** [uartstdio.obj] Error 1
gmake: Target 'all' not remade because of errors.

**** Build Finished ****

**** Build of configuration Debug for project lab6 ****

"C:\\ti\\ccs1110\\ccs\\utils\\bin\\gmake" -k -j 16 all -O 
 
Building file: "../adc2_timer_uart.c"
Invoking: Arm Compiler
"C:/ti/ccs1110/ccs/tools/compiler/ti-cgt-arm_20.2.5.LTS/bin/armcl" -mv7M4 --code_state=16 --float_support=FPv4SPD16 -me --include_path="C:/Users/fersa/Desktop/UVG/Sem1_4/Procesamiento de Señales/CCS/lab6" --include_path="C:/ti/ccs1110/ccs/tools/compiler/ti-cgt-arm_20.2.5.LTS/include" --define=ccs="ccs" --define=PART_TM4C123GH6PM -g --gcc --diag_warning=225 --diag_wrap=off --display_error_number --abi=eabi --preproc_with_compile --preproc_dependency="adc2_timer_uart.d_raw"  "../adc2_timer_uart.c"
 
>> Compilation failure
subdir_rules.mk:9: recipe for target 'adc2_timer_uart.obj' failed
"../adc2_timer_uart.c", line 55: fatal error #1965: cannot open source file "inc/hw_ints.h"
1 catastrophic error detected in the compilation of "../adc2_timer_uart.c".
Compilation terminated.
gmake: *** [adc2_timer_uart.obj] Error 1
Building file: "../adc_timer_uart.c"
Invoking: Arm Compiler
"C:/ti/ccs1110/ccs/tools/compiler/ti-cgt-arm_20.2.5.LTS/bin/armcl" -mv7M4 --code_state=16 --float_support=FPv4SPD16 -me --include_path="C:/Users/fersa/Desktop/UVG/Sem1_4/Procesamiento de Señales/CCS/lab6" --include_path="C:/ti/ccs1110/ccs/tools/compiler/ti-cgt-arm_20.2.5.LTS/include" --define=ccs="ccs" --define=PART_TM4C123GH6PM -g --gcc --diag_warning=225 --diag_wrap=off --display_error_number --abi=eabi --preproc_with_compile --preproc_dependency="adc_timer_uart.d_raw"  "../adc_timer_uart.c"
 
>> Compilation failure
subdir_rules.mk:9: recipe for target 'adc_timer_uart.obj' failed
"../adc_timer_uart.c", line 53: fatal error #1965: cannot open source file "inc/hw_ints.h"
1 catastrophic error detected in the compilation of "../adc_timer_uart.c".
Compilation terminated.
gmake: *** [adc_timer_uart.obj] Error 1
Building file: "../adc_uart.c"
Invoking: Arm Compiler
"C:/ti/ccs1110/ccs/tools/compiler/ti-cgt-arm_20.2.5.LTS/bin/armcl" -mv7M4 --code_state=16 --float_support=FPv4SPD16 -me --include_path="C:/Users/fersa/Desktop/UVG/Sem1_4/Procesamiento de Señales/CCS/lab6" --include_path="C:/ti/ccs1110/ccs/tools/compiler/ti-cgt-arm_20.2.5.LTS/include" --define=ccs="ccs" --define=PART_TM4C123GH6PM -g --gcc --diag_warning=225 --diag_wrap=off --display_error_number --abi=eabi --preproc_with_compile --preproc_dependency="adc_uart.d_raw"  "../adc_uart.c"
 
>> Compilation failure
subdir_rules.mk:9: recipe for target 'adc_uart.obj' failed
"../adc_uart.c", line 52: fatal error #1965: cannot open source file "inc/hw_memmap.h"
1 catastrophic error detected in the compilation of "../adc_uart.c".
Compilation terminated.
gmake: *** [adc_uart.obj] Error 1
Building file: "../blinky.c"
Invoking: Arm Compiler
"C:/ti/ccs1110/ccs/tools/compiler/ti-cgt-arm_20.2.5.LTS/bin/armcl" -mv7M4 --code_state=16 --float_support=FPv4SPD16 -me --include_path="C:/Users/fersa/Desktop/UVG/Sem1_4/Procesamiento de Señales/CCS/lab6" --include_path="C:/ti/ccs1110/ccs/tools/compiler/ti-cgt-arm_20.2.5.LTS/include" --define=ccs="ccs" --define=PART_TM4C123GH6PM -g --gcc --diag_warning=225 --diag_wrap=off --display_error_number --abi=eabi --preproc_with_compile --preproc_dependency="blinky.d_raw"  "../blinky.c"
 
>> Compilation failure
subdir_rules.mk:9: recipe for target 'blinky.obj' failed
"../blinky.c", line 27: fatal error #1965: cannot open source file "inc/hw_memmap.h"
1 catastrophic error detected in the compilation of "../blinky.c".
Compilation terminated.
gmake: *** [blinky.obj] Error 1
Building file: "../timers_uart.c"
Invoking: Arm Compiler
"C:/ti/ccs1110/ccs/tools/compiler/ti-cgt-arm_20.2.5.LTS/bin/armcl" -mv7M4 --code_state=16 --float_support=FPv4SPD16 -me --include_path="C:/Users/fersa/Desktop/UVG/Sem1_4/Procesamiento de Señales/CCS/lab6" --include_path="C:/ti/ccs1110/ccs/tools/compiler/ti-cgt-arm_20.2.5.LTS/include" --define=ccs="ccs" --define=PART_TM4C123GH6PM -g --gcc --diag_warning=225 --diag_wrap=off --display_error_number --abi=eabi --preproc_with_compile --preproc_dependency="timers_uart.d_raw"  "../timers_uart.c"
 
>> Compilation failure
subdir_rules.mk:9: recipe for target 'timers_uart.obj' failed
"../timers_uart.c", line 36: fatal error #1965: cannot open source file "inc/hw_ints.h"
1 catastrophic error detected in the compilation of "../timers_uart.c".
Compilation terminated.
gmake: *** [timers_uart.obj] Error 1
Building file: "../uartstdio.c"
Invoking: Arm Compiler
"C:/ti/ccs1110/ccs/tools/compiler/ti-cgt-arm_20.2.5.LTS/bin/armcl" -mv7M4 --code_state=16 --float_support=FPv4SPD16 -me --include_path="C:/Users/fersa/Desktop/UVG/Sem1_4/Procesamiento de Señales/CCS/lab6" --include_path="C:/ti/ccs1110/ccs/tools/compiler/ti-cgt-arm_20.2.5.LTS/include" --define=ccs="ccs" --define=PART_TM4C123GH6PM -g --gcc --diag_warning=225 --diag_wrap=off --display_error_number --abi=eabi --preproc_with_compile --preproc_dependency="uartstdio.d_raw"  "../uartstdio.c"
 
>> Compilation failure
subdir_rules.mk:9: recipe for target 'uartstdio.obj' failed
"../uartstdio.c", line 28: fatal error #1965: cannot open source file "inc/hw_ints.h"
1 catastrophic error detected in the compilation of "../uartstdio.c".
Compilation terminated.
gmake: *** [uartstdio.obj] Error 1
gmake: Target 'all' not remade because of errors.

**** Build Finished ****

**** Build of configuration Debug for project lab6 ****

"C:\\ti\\ccs1110\\ccs\\utils\\bin\\gmake" -k -j 16 all -O 
 
Building file: "../adc2_timer_uart.c"
Invoking: Arm Compiler
"C:/ti/ccs1110/ccs/tools/compiler/ti-cgt-arm_20.2.5.LTS/bin/armcl" -mv7M4 --code_state=16 --float_support=FPv4SPD16 -me --include_path="C:/Users/fersa/Desktop/UVG/Sem1_4/Procesamiento de Señales/CCS/lab6" --include_path="C:/ti/ccs1110/ccs/tools/compiler/ti-cgt-arm_20.2.5.LTS/include" --define=ccs="ccs" --define=PART_TM4C123GH6PM -g --gcc --diag_warning=225 --diag_wrap=off --display_error_number --abi=eabi --preproc_with_compile --preproc_dependency="adc2_timer_uart.d_raw"  "../adc2_timer_uart.c"
 
>> Compilation failure
subdir_rules.mk:9: recipe for target 'adc2_timer_uart.obj' failed
"../adc2_timer_uart.c", line 55: fatal error #1965: cannot open source file "inc/hw_ints.h"
1 catastrophic error detected in the compilation of "../adc2_timer_uart.c".
Compilation terminated.
gmake: *** [adc2_timer_uart.obj] Error 1
Building file: "../adc_timer_uart.c"
Invoking: Arm Compiler
"C:/ti/ccs1110/ccs/tools/compiler/ti-cgt-arm_20.2.5.LTS/bin/armcl" -mv7M4 --code_state=16 --float_support=FPv4SPD16 -me --include_path="C:/Users/fersa/Desktop/UVG/Sem1_4/Procesamiento de Señales/CCS/lab6" --include_path="C:/ti/ccs1110/ccs/tools/compiler/ti-cgt-arm_20.2.5.LTS/include" --define=ccs="ccs" --define=PART_TM4C123GH6PM -g --gcc --diag_warning=225 --diag_wrap=off --display_error_number --abi=eabi --preproc_with_compile --preproc_dependency="adc_timer_uart.d_raw"  "../adc_timer_uart.c"
 
>> Compilation failure
subdir_rules.mk:9: recipe for target 'adc_timer_uart.obj' failed
"../adc_timer_uart.c", line 53: fatal error #1965: cannot open source file "inc/hw_ints.h"
1 catastrophic error detected in the compilation of "../adc_timer_uart.c".
Compilation terminated.
gmake: *** [adc_timer_uart.obj] Error 1
Building file: "../adc_uart.c"
Invoking: Arm Compiler
"C:/ti/ccs1110/ccs/tools/compiler/ti-cgt-arm_20.2.5.LTS/bin/armcl" -mv7M4 --code_state=16 --float_support=FPv4SPD16 -me --include_path="C:/Users/fersa/Desktop/UVG/Sem1_4/Procesamiento de Señales/CCS/lab6" --include_path="C:/ti/ccs1110/ccs/tools/compiler/ti-cgt-arm_20.2.5.LTS/include" --define=ccs="ccs" --define=PART_TM4C123GH6PM -g --gcc --diag_warning=225 --diag_wrap=off --display_error_number --abi=eabi --preproc_with_compile --preproc_dependency="adc_uart.d_raw"  "../adc_uart.c"
 
>> Compilation failure
subdir_rules.mk:9: recipe for target 'adc_uart.obj' failed
"../adc_uart.c", line 52: fatal error #1965: cannot open source file "inc/hw_memmap.h"
1 catastrophic error detected in the compilation of "../adc_uart.c".
Compilation terminated.
gmake: *** [adc_uart.obj] Error 1
Building file: "../blinky.c"
Invoking: Arm Compiler
"C:/ti/ccs1110/ccs/tools/compiler/ti-cgt-arm_20.2.5.LTS/bin/armcl" -mv7M4 --code_state=16 --float_support=FPv4SPD16 -me --include_path="C:/Users/fersa/Desktop/UVG/Sem1_4/Procesamiento de Señales/CCS/lab6" --include_path="C:/ti/ccs1110/ccs/tools/compiler/ti-cgt-arm_20.2.5.LTS/include" --define=ccs="ccs" --define=PART_TM4C123GH6PM -g --gcc --diag_warning=225 --diag_wrap=off --display_error_number --abi=eabi --preproc_with_compile --preproc_dependency="blinky.d_raw"  "../blinky.c"
 
>> Compilation failure
subdir_rules.mk:9: recipe for target 'blinky.obj' failed
"../blinky.c", line 27: fatal error #1965: cannot open source file "inc/hw_memmap.h"
1 catastrophic error detected in the compilation of "../blinky.c".
Compilation terminated.
gmake: *** [blinky.obj] Error 1
Building file: "../timers_uart.c"
Invoking: Arm Compiler
"C:/ti/ccs1110/ccs/tools/compiler/ti-cgt-arm_20.2.5.LTS/bin/armcl" -mv7M4 --code_state=16 --float_support=FPv4SPD16 -me --include_path="C:/Users/fersa/Desktop/UVG/Sem1_4/Procesamiento de Señales/CCS/lab6" --include_path="C:/ti/ccs1110/ccs/tools/compiler/ti-cgt-arm_20.2.5.LTS/include" --define=ccs="ccs" --define=PART_TM4C123GH6PM -g --gcc --diag_warning=225 --diag_wrap=off --display_error_number --abi=eabi --preproc_with_compile --preproc_dependency="timers_uart.d_raw"  "../timers_uart.c"
 
>> Compilation failure
subdir_rules.mk:9: recipe for target 'timers_uart.obj' failed
"../timers_uart.c", line 36: fatal error #1965: cannot open source file "inc/hw_ints.h"
1 catastrophic error detected in the compilation of "../timers_uart.c".
Compilation terminated.
gmake: *** [timers_uart.obj] Error 1
Building file: "../uartstdio.c"
Invoking: Arm Compiler
"C:/ti/ccs1110/ccs/tools/compiler/ti-cgt-arm_20.2.5.LTS/bin/armcl" -mv7M4 --code_state=16 --float_support=FPv4SPD16 -me --include_path="C:/Users/fersa/Desktop/UVG/Sem1_4/Procesamiento de Señales/CCS/lab6" --include_path="C:/ti/ccs1110/ccs/tools/compiler/ti-cgt-arm_20.2.5.LTS/include" --define=ccs="ccs" --define=PART_TM4C123GH6PM -g --gcc --diag_warning=225 --diag_wrap=off --display_error_number --abi=eabi --preproc_with_compile --preproc_dependency="uartstdio.d_raw"  "../uartstdio.c"
 
>> Compilation failure
subdir_rules.mk:9: recipe for target 'uartstdio.obj' failed
"../uartstdio.c", line 28: fatal error #1965: cannot open source file "inc/hw_ints.h"
1 catastrophic error detected in the compilation of "../uartstdio.c".
Compilation terminated.
gmake: *** [uartstdio.obj] Error 1
gmake: Target 'all' not remade because of errors.

**** Build Finished ****

**** Build of configuration Debug for project lab6 ****

"C:\\ti\\ccs1110\\ccs\\utils\\bin\\gmake" -k -j 16 all -O 
 
Building file: "../adc2_timer_uart.c"
Invoking: Arm Compiler
"C:/ti/ccs1110/ccs/tools/compiler/ti-cgt-arm_20.2.5.LTS/bin/armcl" -mv7M4 --code_state=16 --float_support=FPv4SPD16 -me --include_path="C:/Users/fersa/Desktop/UVG/Sem1_4/Procesamiento de Señales/CCS/lab6" --include_path="C:/ti/ccs1110/ccs/tools/compiler/ti-cgt-arm_20.2.5.LTS/include" --define=ccs="ccs" --define=PART_TM4C123GH6PM -g --gcc --diag_warning=225 --diag_wrap=off --display_error_number --abi=eabi --preproc_with_compile --preproc_dependency="adc2_timer_uart.d_raw"  "../adc2_timer_uart.c"
 
>> Compilation failure
subdir_rules.mk:9: recipe for target 'adc2_timer_uart.obj' failed
"../adc2_timer_uart.c", line 55: fatal error #1965: cannot open source file "inc/hw_ints.h"
1 catastrophic error detected in the compilation of "../adc2_timer_uart.c".
Compilation terminated.
gmake: *** [adc2_timer_uart.obj] Error 1
Building file: "../adc_timer_uart.c"
Invoking: Arm Compiler
"C:/ti/ccs1110/ccs/tools/compiler/ti-cgt-arm_20.2.5.LTS/bin/armcl" -mv7M4 --code_state=16 --float_support=FPv4SPD16 -me --include_path="C:/Users/fersa/Desktop/UVG/Sem1_4/Procesamiento de Señales/CCS/lab6" --include_path="C:/ti/ccs1110/ccs/tools/compiler/ti-cgt-arm_20.2.5.LTS/include" --define=ccs="ccs" --define=PART_TM4C123GH6PM -g --gcc --diag_warning=225 --diag_wrap=off --display_error_number --abi=eabi --preproc_with_compile --preproc_dependency="adc_timer_uart.d_raw"  "../adc_timer_uart.c"
 
>> Compilation failure
subdir_rules.mk:9: recipe for target 'adc_timer_uart.obj' failed
"../adc_timer_uart.c", line 53: fatal error #1965: cannot open source file "inc/hw_ints.h"
1 catastrophic error detected in the compilation of "../adc_timer_uart.c".
Compilation terminated.
gmake: *** [adc_timer_uart.obj] Error 1
Building file: "../adc_uart.c"
Invoking: Arm Compiler
"C:/ti/ccs1110/ccs/tools/compiler/ti-cgt-arm_20.2.5.LTS/bin/armcl" -mv7M4 --code_state=16 --float_support=FPv4SPD16 -me --include_path="C:/Users/fersa/Desktop/UVG/Sem1_4/Procesamiento de Señales/CCS/lab6" --include_path="C:/ti/ccs1110/ccs/tools/compiler/ti-cgt-arm_20.2.5.LTS/include" --define=ccs="ccs" --define=PART_TM4C123GH6PM -g --gcc --diag_warning=225 --diag_wrap=off --display_error_number --abi=eabi --preproc_with_compile --preproc_dependency="adc_uart.d_raw"  "../adc_uart.c"
 
>> Compilation failure
subdir_rules.mk:9: recipe for target 'adc_uart.obj' failed
"../adc_uart.c", line 52: fatal error #1965: cannot open source file "inc/hw_memmap.h"
1 catastrophic error detected in the compilation of "../adc_uart.c".
Compilation terminated.
gmake: *** [adc_uart.obj] Error 1
Building file: "../blinky.c"
Invoking: Arm Compiler
"C:/ti/ccs1110/ccs/tools/compiler/ti-cgt-arm_20.2.5.LTS/bin/armcl" -mv7M4 --code_state=16 --float_support=FPv4SPD16 -me --include_path="C:/Users/fersa/Desktop/UVG/Sem1_4/Procesamiento de Señales/CCS/lab6" --include_path="C:/ti/ccs1110/ccs/tools/compiler/ti-cgt-arm_20.2.5.LTS/include" --define=ccs="ccs" --define=PART_TM4C123GH6PM -g --gcc --diag_warning=225 --diag_wrap=off --display_error_number --abi=eabi --preproc_with_compile --preproc_dependency="blinky.d_raw"  "../blinky.c"
 
>> Compilation failure
subdir_rules.mk:9: recipe for target 'blinky.obj' failed
"../blinky.c", line 27: fatal error #1965: cannot open source file "inc/hw_memmap.h"
1 catastrophic error detected in the compilation of "../blinky.c".
Compilation terminated.
gmake: *** [blinky.obj] Error 1
Building file: "../timers_uart.c"
Invoking: Arm Compiler
"C:/ti/ccs1110/ccs/tools/compiler/ti-cgt-arm_20.2.5.LTS/bin/armcl" -mv7M4 --code_state=16 --float_support=FPv4SPD16 -me --include_path="C:/Users/fersa/Desktop/UVG/Sem1_4/Procesamiento de Señales/CCS/lab6" --include_path="C:/ti/ccs1110/ccs/tools/compiler/ti-cgt-arm_20.2.5.LTS/include" --define=ccs="ccs" --define=PART_TM4C123GH6PM -g --gcc --diag_warning=225 --diag_wrap=off --display_error_number --abi=eabi --preproc_with_compile --preproc_dependency="timers_uart.d_raw"  "../timers_uart.c"
 
>> Compilation failure
subdir_rules.mk:9: recipe for target 'timers_uart.obj' failed
"../timers_uart.c", line 36: fatal error #1965: cannot open source file "inc/hw_ints.h"
1 catastrophic error detected in the compilation of "../timers_uart.c".
Compilation terminated.
gmake: *** [timers_uart.obj] Error 1
Building file: "../uartstdio.c"
Invoking: Arm Compiler
"C:/ti/ccs1110/ccs/tools/compiler/ti-cgt-arm_20.2.5.LTS/bin/armcl" -mv7M4 --code_state=16 --float_support=FPv4SPD16 -me --include_path="C:/Users/fersa/Desktop/UVG/Sem1_4/Procesamiento de Señales/CCS/lab6" --include_path="C:/ti/ccs1110/ccs/tools/compiler/ti-cgt-arm_20.2.5.LTS/include" --define=ccs="ccs" --define=PART_TM4C123GH6PM -g --gcc --diag_warning=225 --diag_wrap=off --display_error_number --abi=eabi --preproc_with_compile --preproc_dependency="uartstdio.d_raw"  "../uartstdio.c"
 
>> Compilation failure
subdir_rules.mk:9: recipe for target 'uartstdio.obj' failed
"../uartstdio.c", line 28: fatal error #1965: cannot open source file "inc/hw_ints.h"
1 catastrophic error detected in the compilation of "../uartstdio.c".
Compilation terminated.
gmake: *** [uartstdio.obj] Error 1
gmake: Target 'all' not remade because of errors.

**** Build Finished ****

**** Build of configuration Debug for project lab6 ****

"C:\\ti\\ccs1110\\ccs\\utils\\bin\\gmake" -k -j 16 all -O 
 
Building file: "../adc2_timer_uart.c"
Invoking: Arm Compiler
"C:/ti/ccs1110/ccs/tools/compiler/ti-cgt-arm_20.2.5.LTS/bin/armcl" -mv7M4 --code_state=16 --float_support=FPv4SPD16 -me --include_path="C:/Users/fersa/Desktop/UVG/Sem1_4/Procesamiento de Señales/CCS/lab6" --include_path="C:/ti/ccs1110/ccs/tools/compiler/ti-cgt-arm_20.2.5.LTS/include" --define=ccs="ccs" --define=PART_TM4C123GH6PM -g --gcc --diag_warning=225 --diag_wrap=off --display_error_number --abi=eabi --preproc_with_compile --preproc_dependency="adc2_timer_uart.d_raw"  "../adc2_timer_uart.c"
 
>> Compilation failure
subdir_rules.mk:9: recipe for target 'adc2_timer_uart.obj' failed
"../adc2_timer_uart.c", line 55: fatal error #1965: cannot open source file "inc/hw_ints.h"
1 catastrophic error detected in the compilation of "../adc2_timer_uart.c".
Compilation terminated.
gmake: *** [adc2_timer_uart.obj] Error 1
Building file: "../adc_timer_uart.c"
Invoking: Arm Compiler
"C:/ti/ccs1110/ccs/tools/compiler/ti-cgt-arm_20.2.5.LTS/bin/armcl" -mv7M4 --code_state=16 --float_support=FPv4SPD16 -me --include_path="C:/Users/fersa/Desktop/UVG/Sem1_4/Procesamiento de Señales/CCS/lab6" --include_path="C:/ti/ccs1110/ccs/tools/compiler/ti-cgt-arm_20.2.5.LTS/include" --define=ccs="ccs" --define=PART_TM4C123GH6PM -g --gcc --diag_warning=225 --diag_wrap=off --display_error_number --abi=eabi --preproc_with_compile --preproc_dependency="adc_timer_uart.d_raw"  "../adc_timer_uart.c"
 
>> Compilation failure
subdir_rules.mk:9: recipe for target 'adc_timer_uart.obj' failed
"../adc_timer_uart.c", line 53: fatal error #1965: cannot open source file "inc/hw_ints.h"
1 catastrophic error detected in the compilation of "../adc_timer_uart.c".
Compilation terminated.
gmake: *** [adc_timer_uart.obj] Error 1
Building file: "../adc_uart.c"
Invoking: Arm Compiler
"C:/ti/ccs1110/ccs/tools/compiler/ti-cgt-arm_20.2.5.LTS/bin/armcl" -mv7M4 --code_state=16 --float_support=FPv4SPD16 -me --include_path="C:/Users/fersa/Desktop/UVG/Sem1_4/Procesamiento de Señales/CCS/lab6" --include_path="C:/ti/ccs1110/ccs/tools/compiler/ti-cgt-arm_20.2.5.LTS/include" --define=ccs="ccs" --define=PART_TM4C123GH6PM -g --gcc --diag_warning=225 --diag_wrap=off --display_error_number --abi=eabi --preproc_with_compile --preproc_dependency="adc_uart.d_raw"  "../adc_uart.c"
 
>> Compilation failure
subdir_rules.mk:9: recipe for target 'adc_uart.obj' failed
"../adc_uart.c", line 52: fatal error #1965: cannot open source file "inc/hw_memmap.h"
1 catastrophic error detected in the compilation of "../adc_uart.c".
Compilation terminated.
gmake: *** [adc_uart.obj] Error 1
Building file: "../blinky.c"
Invoking: Arm Compiler
"C:/ti/ccs1110/ccs/tools/compiler/ti-cgt-arm_20.2.5.LTS/bin/armcl" -mv7M4 --code_state=16 --float_support=FPv4SPD16 -me --include_path="C:/Users/fersa/Desktop/UVG/Sem1_4/Procesamiento de Señales/CCS/lab6" --include_path="C:/ti/ccs1110/ccs/tools/compiler/ti-cgt-arm_20.2.5.LTS/include" --define=ccs="ccs" --define=PART_TM4C123GH6PM -g --gcc --diag_warning=225 --diag_wrap=off --display_error_number --abi=eabi --preproc_with_compile --preproc_dependency="blinky.d_raw"  "../blinky.c"
 
>> Compilation failure
subdir_rules.mk:9: recipe for target 'blinky.obj' failed
"../blinky.c", line 27: fatal error #1965: cannot open source file "inc/hw_memmap.h"
1 catastrophic error detected in the compilation of "../blinky.c".
Compilation terminated.
gmake: *** [blinky.obj] Error 1
Building file: "../timers_uart.c"
Invoking: Arm Compiler
"C:/ti/ccs1110/ccs/tools/compiler/ti-cgt-arm_20.2.5.LTS/bin/armcl" -mv7M4 --code_state=16 --float_support=FPv4SPD16 -me --include_path="C:/Users/fersa/Desktop/UVG/Sem1_4/Procesamiento de Señales/CCS/lab6" --include_path="C:/ti/ccs1110/ccs/tools/compiler/ti-cgt-arm_20.2.5.LTS/include" --define=ccs="ccs" --define=PART_TM4C123GH6PM -g --gcc --diag_warning=225 --diag_wrap=off --display_error_number --abi=eabi --preproc_with_compile --preproc_dependency="timers_uart.d_raw"  "../timers_uart.c"
 
>> Compilation failure
subdir_rules.mk:9: recipe for target 'timers_uart.obj' failed
"../timers_uart.c", line 36: fatal error #1965: cannot open source file "inc/hw_ints.h"
1 catastrophic error detected in the compilation of "../timers_uart.c".
Compilation terminated.
gmake: *** [timers_uart.obj] Error 1
Building file: "../uartstdio.c"
Invoking: Arm Compiler
"C:/ti/ccs1110/ccs/tools/compiler/ti-cgt-arm_20.2.5.LTS/bin/armcl" -mv7M4 --code_state=16 --float_support=FPv4SPD16 -me --include_path="C:/Users/fersa/Desktop/UVG/Sem1_4/Procesamiento de Señales/CCS/lab6" --include_path="C:/ti/ccs1110/ccs/tools/compiler/ti-cgt-arm_20.2.5.LTS/include" --define=ccs="ccs" --define=PART_TM4C123GH6PM -g --gcc --diag_warning=225 --diag_wrap=off --display_error_number --abi=eabi --preproc_with_compile --preproc_dependency="uartstdio.d_raw"  "../uartstdio.c"
 
>> Compilation failure
subdir_rules.mk:9: recipe for target 'uartstdio.obj' failed
"../uartstdio.c", line 28: fatal error #1965: cannot open source file "inc/hw_ints.h"
1 catastrophic error detected in the compilation of "../uartstdio.c".
Compilation terminated.
gmake: *** [uartstdio.obj] Error 1
gmake: Target 'all' not remade because of errors.

**** Build Finished ****

**** Build of configuration Debug for project lab6 ****

"C:\\ti\\ccs1110\\ccs\\utils\\bin\\gmake" -k -j 16 all -O 
 
Building file: "../adc_timer_uart_startup_ccs.c"
Invoking: Arm Compiler
"C:/ti/ccs1110/ccs/tools/compiler/ti-cgt-arm_20.2.5.LTS/bin/armcl" -mv7M4 --code_state=16 --float_support=FPv4SPD16 -me --include_path="C:/Users/fersa/Desktop/UVG/Sem1_4/Procesamiento de Señales/CCS/lab6" --include_path="C:/ti/TivaWare_C_Series-2.2.0.295" --include_path="C:/ti/ccs1110/ccs/tools/compiler/ti-cgt-arm_20.2.5.LTS/include" --define=ccs="ccs" --define=TARGET_IS_TM4C123_RB1 --define=PART_TM4C123GH6PM -g --gcc --diag_warning=225 --diag_wrap=off --display_error_number --abi=eabi --preproc_with_compile --preproc_dependency="adc_timer_uart_startup_ccs.d_raw"  "../adc_timer_uart_startup_ccs.c"
Finished building: "../adc_timer_uart_startup_ccs.c"
 
Building file: "../main.c"
Invoking: Arm Compiler
"C:/ti/ccs1110/ccs/tools/compiler/ti-cgt-arm_20.2.5.LTS/bin/armcl" -mv7M4 --code_state=16 --float_support=FPv4SPD16 -me --include_path="C:/Users/fersa/Desktop/UVG/Sem1_4/Procesamiento de Señales/CCS/lab6" --include_path="C:/ti/TivaWare_C_Series-2.2.0.295" --include_path="C:/ti/ccs1110/ccs/tools/compiler/ti-cgt-arm_20.2.5.LTS/include" --define=ccs="ccs" --define=TARGET_IS_TM4C123_RB1 --define=PART_TM4C123GH6PM -g --gcc --diag_warning=225 --diag_wrap=off --display_error_number --abi=eabi --preproc_with_compile --preproc_dependency="main.d_raw"  "../main.c"
Finished building: "../main.c"
 
Building file: "../blinky.c"
Invoking: Arm Compiler
"C:/ti/ccs1110/ccs/tools/compiler/ti-cgt-arm_20.2.5.LTS/bin/armcl" -mv7M4 --code_state=16 --float_support=FPv4SPD16 -me --include_path="C:/Users/fersa/Desktop/UVG/Sem1_4/Procesamiento de Señales/CCS/lab6" --include_path="C:/ti/TivaWare_C_Series-2.2.0.295" --include_path="C:/ti/ccs1110/ccs/tools/compiler/ti-cgt-arm_20.2.5.LTS/include" --define=ccs="ccs" --define=TARGET_IS_TM4C123_RB1 --define=PART_TM4C123GH6PM -g --gcc --diag_warning=225 --diag_wrap=off --display_error_number --abi=eabi --preproc_with_compile --preproc_dependency="blinky.d_raw"  "../blinky.c"
Finished building: "../blinky.c"
 
Building file: "../adc_timer_uart.c"
Invoking: Arm Compiler
"C:/ti/ccs1110/ccs/tools/compiler/ti-cgt-arm_20.2.5.LTS/bin/armcl" -mv7M4 --code_state=16 --float_support=FPv4SPD16 -me --include_path="C:/Users/fersa/Desktop/UVG/Sem1_4/Procesamiento de Señales/CCS/lab6" --include_path="C:/ti/TivaWare_C_Series-2.2.0.295" --include_path="C:/ti/ccs1110/ccs/tools/compiler/ti-cgt-arm_20.2.5.LTS/include" --define=ccs="ccs" --define=TARGET_IS_TM4C123_RB1 --define=PART_TM4C123GH6PM -g --gcc --diag_warning=225 --diag_wrap=off --display_error_number --abi=eabi --preproc_with_compile --preproc_dependency="adc_timer_uart.d_raw"  "../adc_timer_uart.c"
Finished building: "../adc_timer_uart.c"
 
Building file: "../adc_uart.c"
Invoking: Arm Compiler
"C:/ti/ccs1110/ccs/tools/compiler/ti-cgt-arm_20.2.5.LTS/bin/armcl" -mv7M4 --code_state=16 --float_support=FPv4SPD16 -me --include_path="C:/Users/fersa/Desktop/UVG/Sem1_4/Procesamiento de Señales/CCS/lab6" --include_path="C:/ti/TivaWare_C_Series-2.2.0.295" --include_path="C:/ti/ccs1110/ccs/tools/compiler/ti-cgt-arm_20.2.5.LTS/include" --define=ccs="ccs" --define=TARGET_IS_TM4C123_RB1 --define=PART_TM4C123GH6PM -g --gcc --diag_warning=225 --diag_wrap=off --display_error_number --abi=eabi --preproc_with_compile --preproc_dependency="adc_uart.d_raw"  "../adc_uart.c"
Finished building: "../adc_uart.c"
 
Building file: "../adc2_timer_uart.c"
Invoking: Arm Compiler
"C:/ti/ccs1110/ccs/tools/compiler/ti-cgt-arm_20.2.5.LTS/bin/armcl" -mv7M4 --code_state=16 --float_support=FPv4SPD16 -me --include_path="C:/Users/fersa/Desktop/UVG/Sem1_4/Procesamiento de Señales/CCS/lab6" --include_path="C:/ti/TivaWare_C_Series-2.2.0.295" --include_path="C:/ti/ccs1110/ccs/tools/compiler/ti-cgt-arm_20.2.5.LTS/include" --define=ccs="ccs" --define=TARGET_IS_TM4C123_RB1 --define=PART_TM4C123GH6PM -g --gcc --diag_warning=225 --diag_wrap=off --display_error_number --abi=eabi --preproc_with_compile --preproc_dependency="adc2_timer_uart.d_raw"  "../adc2_timer_uart.c"
Finished building: "../adc2_timer_uart.c"
 
Building file: "../timers_uart_startup_ccs.c"
Invoking: Arm Compiler
"C:/ti/ccs1110/ccs/tools/compiler/ti-cgt-arm_20.2.5.LTS/bin/armcl" -mv7M4 --code_state=16 --float_support=FPv4SPD16 -me --include_path="C:/Users/fersa/Desktop/UVG/Sem1_4/Procesamiento de Señales/CCS/lab6" --include_path="C:/ti/TivaWare_C_Series-2.2.0.295" --include_path="C:/ti/ccs1110/ccs/tools/compiler/ti-cgt-arm_20.2.5.LTS/include" --define=ccs="ccs" --define=TARGET_IS_TM4C123_RB1 --define=PART_TM4C123GH6PM -g --gcc --diag_warning=225 --diag_wrap=off --display_error_number --abi=eabi --preproc_with_compile --preproc_dependency="timers_uart_startup_ccs.d_raw"  "../timers_uart_startup_ccs.c"
Finished building: "../timers_uart_startup_ccs.c"
 
Building file: "../tm4c123gh6pm_startup_ccs.c"
Invoking: Arm Compiler
"C:/ti/ccs1110/ccs/tools/compiler/ti-cgt-arm_20.2.5.LTS/bin/armcl" -mv7M4 --code_state=16 --float_support=FPv4SPD16 -me --include_path="C:/Users/fersa/Desktop/UVG/Sem1_4/Procesamiento de Señales/CCS/lab6" --include_path="C:/ti/TivaWare_C_Series-2.2.0.295" --include_path="C:/ti/ccs1110/ccs/tools/compiler/ti-cgt-arm_20.2.5.LTS/include" --define=ccs="ccs" --define=TARGET_IS_TM4C123_RB1 --define=PART_TM4C123GH6PM -g --gcc --diag_warning=225 --diag_wrap=off --display_error_number --abi=eabi --preproc_with_compile --preproc_dependency="tm4c123gh6pm_startup_ccs.d_raw"  "../tm4c123gh6pm_startup_ccs.c"
Finished building: "../tm4c123gh6pm_startup_ccs.c"
 
Building file: "../timers_uart.c"
Invoking: Arm Compiler
"C:/ti/ccs1110/ccs/tools/compiler/ti-cgt-arm_20.2.5.LTS/bin/armcl" -mv7M4 --code_state=16 --float_support=FPv4SPD16 -me --include_path="C:/Users/fersa/Desktop/UVG/Sem1_4/Procesamiento de Señales/CCS/lab6" --include_path="C:/ti/TivaWare_C_Series-2.2.0.295" --include_path="C:/ti/ccs1110/ccs/tools/compiler/ti-cgt-arm_20.2.5.LTS/include" --define=ccs="ccs" --define=TARGET_IS_TM4C123_RB1 --define=PART_TM4C123GH6PM -g --gcc --diag_warning=225 --diag_wrap=off --display_error_number --abi=eabi --preproc_with_compile --preproc_dependency="timers_uart.d_raw"  "../timers_uart.c"
Finished building: "../timers_uart.c"
 
Building file: "../uartstdio.c"
Invoking: Arm Compiler
"C:/ti/ccs1110/ccs/tools/compiler/ti-cgt-arm_20.2.5.LTS/bin/armcl" -mv7M4 --code_state=16 --float_support=FPv4SPD16 -me --include_path="C:/Users/fersa/Desktop/UVG/Sem1_4/Procesamiento de Señales/CCS/lab6" --include_path="C:/ti/TivaWare_C_Series-2.2.0.295" --include_path="C:/ti/ccs1110/ccs/tools/compiler/ti-cgt-arm_20.2.5.LTS/include" --define=ccs="ccs" --define=TARGET_IS_TM4C123_RB1 --define=PART_TM4C123GH6PM -g --gcc --diag_warning=225 --diag_wrap=off --display_error_number --abi=eabi --preproc_with_compile --preproc_dependency="uartstdio.d_raw"  "../uartstdio.c"
Finished building: "../uartstdio.c"
 
Building target: "lab6.out"
Invoking: Arm Linker
"C:/ti/ccs1110/ccs/tools/compiler/ti-cgt-arm_20.2.5.LTS/bin/armcl" -mv7M4 --code_state=16 --float_support=FPv4SPD16 -me --define=ccs="ccs" --define=TARGET_IS_TM4C123_RB1 --define=PART_TM4C123GH6PM -g --gcc --diag_warning=225 --diag_wrap=off --display_error_number --abi=eabi -z -m"lab6.map" --heap_size=0 --stack_size=512 -i"C:/ti/ccs1110/ccs/tools/compiler/ti-cgt-arm_20.2.5.LTS/lib" -i"C:/ti/ccs1110/ccs/tools/compiler/ti-cgt-arm_20.2.5.LTS/include" --reread_libs --diag_wrap=off --display_error_number --warn_sections --xml_link_info="lab6_linkInfo.xml" --rom_model -o "lab6.out" "./adc2_timer_uart.obj" "./adc_timer_uart.obj" "./adc_timer_uart_startup_ccs.obj" "./adc_uart.obj" "./blinky.obj" "./main.obj" "./timers_uart.obj" "./timers_uart_startup_ccs.obj" "./tm4c123gh6pm_startup_ccs.obj" "./uartstdio.obj" "C:/ti/TivaWare_C_Series-2.2.0.295/driverlib/ccs/Debug/driverlib.lib" "../tm4c123gh6pm.cmd"  -llibc.a 
<Linking>
error #10056: symbol "main" redefined: first defined in "./adc2_timer_uart.obj"; redefined in "./adc_timer_uart.obj"
error #10056: symbol "InitConsole" redefined: first defined in "./adc2_timer_uart.obj"; redefined in "./adc_timer_uart.obj"
error #10056: symbol "Timer0IntHandler" redefined: first defined in "./adc2_timer_uart.obj"; redefined in "./adc_timer_uart.obj"
error #10056: symbol "main" redefined: first defined in "./adc2_timer_uart.obj"; redefined in "./adc_uart.obj"
error #10056: symbol "InitConsole" redefined: first defined in "./adc2_timer_uart.obj"; redefined in "./adc_uart.obj"
error #10056: symbol "main" redefined: first defined in "./adc2_timer_uart.obj"; redefined in "./blinky.obj"
error #10056: symbol "main" redefined: first defined in "./adc2_timer_uart.obj"; redefined in "./main.obj"
error #10056: symbol "main" redefined: first defined in "./adc2_timer_uart.obj"; redefined in "./timers_uart.obj"
error #10056: symbol "Timer0IntHandler" redefined: first defined in "./adc2_timer_uart.obj"; redefined in "./timers_uart.obj"
error #10056: symbol "ResetISR" redefined: first defined in "./adc_timer_uart_startup_ccs.obj"; redefined in "./timers_uart_startup_ccs.obj"
error #10056: symbol "g_pfnVectors" redefined: first defined in "./adc_timer_uart_startup_ccs.obj"; redefined in "./timers_uart_startup_ccs.obj"
error #10056: symbol "ResetISR" redefined: first defined in "./adc_timer_uart_startup_ccs.obj"; redefined in "./tm4c123gh6pm_startup_ccs.obj"
error #10056: symbol "g_pfnVectors" redefined: first defined in "./adc_timer_uart_startup_ccs.obj"; redefined in "./tm4c123gh6pm_startup_ccs.obj"
error #10010: errors encountered during linking; "lab6.out" not built
 
>> Compilation failure
makefile:151: recipe for target 'lab6.out' failed
gmake[1]: *** [lab6.out] Error 1
gmake: *** [all] Error 2
makefile:147: recipe for target 'all' failed

**** Build Finished ****

**** Build of configuration Debug for project lab6 ****

"C:\\ti\\ccs1110\\ccs\\utils\\bin\\gmake" -k -j 16 all -O 
 
Building target: "lab6.out"
Invoking: Arm Linker
"C:/ti/ccs1110/ccs/tools/compiler/ti-cgt-arm_20.2.5.LTS/bin/armcl" -mv7M4 --code_state=16 --float_support=FPv4SPD16 -me --define=ccs="ccs" --define=TARGET_IS_TM4C123_RB1 --define=PART_TM4C123GH6PM -g --gcc --diag_warning=225 --diag_wrap=off --display_error_number --abi=eabi -z -m"lab6.map" --heap_size=0 --stack_size=512 -i"C:/ti/ccs1110/ccs/tools/compiler/ti-cgt-arm_20.2.5.LTS/lib" -i"C:/ti/ccs1110/ccs/tools/compiler/ti-cgt-arm_20.2.5.LTS/include" --reread_libs --diag_wrap=off --display_error_number --warn_sections --xml_link_info="lab6_linkInfo.xml" --rom_model -o "lab6.out" "./timers_uart.obj" "./tm4c123gh6pm_startup_ccs.obj" "./uartstdio.obj" "C:/ti/TivaWare_C_Series-2.2.0.295/driverlib/ccs/Debug/driverlib.lib" "../tm4c123gh6pm.cmd"  -llibc.a 
<Linking>
Finished building target: "lab6.out"
 

**** Build Finished ****

**** Build of configuration Debug for project lab6 ****

"C:\\ti\\ccs1110\\ccs\\utils\\bin\\gmake" -k -j 16 all -O 
 
gmake[1]: 'lab6.out' is up to date.

**** Build Finished ****

**** Build of configuration Debug for project lab6 ****

"C:\\ti\\ccs1110\\ccs\\utils\\bin\\gmake" -k -j 16 all -O 
 
gmake[1]: 'lab6.out' is up to date.

**** Build Finished ****

**** Build of configuration Debug for project lab6 ****

"C:\\ti\\ccs1110\\ccs\\utils\\bin\\gmake" -k -j 16 all -O 
 
gmake[1]: 'lab6.out' is up to date.

**** Build Finished ****

**** Build of configuration Debug for project lab6 ****

"C:\\ti\\ccs1110\\ccs\\utils\\bin\\gmake" -k -j 16 all -O 
 
gmake[1]: 'lab6.out' is up to date.

**** Build Finished ****

**** Build of configuration Debug for project lab6 ****

"C:\\ti\\ccs1110\\ccs\\utils\\bin\\gmake" -k -j 16 all -O 
 
gmake[1]: 'lab6.out' is up to date.

**** Build Finished ****

**** Build of configuration Debug for project lab6 ****

"C:\\ti\\ccs1110\\ccs\\utils\\bin\\gmake" -k -j 16 all -O 
 
Building file: "../tm4c123gh6pm_startup_ccs.c"
Invoking: Arm Compiler
"C:/ti/ccs1110/ccs/tools/compiler/ti-cgt-arm_20.2.5.LTS/bin/armcl" -mv7M4 --code_state=16 --float_support=FPv4SPD16 -me --include_path="C:/Users/fersa/Desktop/UVG/Sem1_4/Procesamiento de Señales/CCS/lab6" --include_path="C:/ti/TivaWare_C_Series-2.2.0.295" --include_path="C:/ti/ccs1110/ccs/tools/compiler/ti-cgt-arm_20.2.5.LTS/include" --define=ccs="ccs" --define=TARGET_IS_TM4C123_RB1 --define=PART_TM4C123GH6PM -g --gcc --diag_warning=225 --diag_wrap=off --display_error_number --abi=eabi --preproc_with_compile --preproc_dependency="tm4c123gh6pm_startup_ccs.d_raw"  "../tm4c123gh6pm_startup_ccs.c"
Finished building: "../tm4c123gh6pm_startup_ccs.c"
 
Building file: "../timers_uart.c"
Invoking: Arm Compiler
"C:/ti/ccs1110/ccs/tools/compiler/ti-cgt-arm_20.2.5.LTS/bin/armcl" -mv7M4 --code_state=16 --float_support=FPv4SPD16 -me --include_path="C:/Users/fersa/Desktop/UVG/Sem1_4/Procesamiento de Señales/CCS/lab6" --include_path="C:/ti/TivaWare_C_Series-2.2.0.295" --include_path="C:/ti/ccs1110/ccs/tools/compiler/ti-cgt-arm_20.2.5.LTS/include" --define=ccs="ccs" --define=TARGET_IS_TM4C123_RB1 --define=PART_TM4C123GH6PM -g --gcc --diag_warning=225 --diag_wrap=off --display_error_number --abi=eabi --preproc_with_compile --preproc_dependency="timers_uart.d_raw"  "../timers_uart.c"
Finished building: "../timers_uart.c"
 
Building file: "../uartstdio.c"
Invoking: Arm Compiler
"C:/ti/ccs1110/ccs/tools/compiler/ti-cgt-arm_20.2.5.LTS/bin/armcl" -mv7M4 --code_state=16 --float_support=FPv4SPD16 -me --include_path="C:/Users/fersa/Desktop/UVG/Sem1_4/Procesamiento de Señales/CCS/lab6" --include_path="C:/ti/TivaWare_C_Series-2.2.0.295" --include_path="C:/ti/ccs1110/ccs/tools/compiler/ti-cgt-arm_20.2.5.LTS/include" --define=ccs="ccs" --define=TARGET_IS_TM4C123_RB1 --define=PART_TM4C123GH6PM -g --gcc --diag_warning=225 --diag_wrap=off --display_error_number --abi=eabi --preproc_with_compile --preproc_dependency="uartstdio.d_raw"  "../uartstdio.c"
Finished building: "../uartstdio.c"
 
Building target: "lab6.out"
Invoking: Arm Linker
"C:/ti/ccs1110/ccs/tools/compiler/ti-cgt-arm_20.2.5.LTS/bin/armcl" -mv7M4 --code_state=16 --float_support=FPv4SPD16 -me --define=ccs="ccs" --define=TARGET_IS_TM4C123_RB1 --define=PART_TM4C123GH6PM -g --gcc --diag_warning=225 --diag_wrap=off --display_error_number --abi=eabi -z -m"lab6.map" --heap_size=0 --stack_size=512 -i"C:/ti/ccs1110/ccs/tools/compiler/ti-cgt-arm_20.2.5.LTS/lib" -i"C:/ti/ccs1110/ccs/tools/compiler/ti-cgt-arm_20.2.5.LTS/include" --reread_libs --diag_wrap=off --display_error_number --warn_sections --xml_link_info="lab6_linkInfo.xml" --rom_model -o "lab6.out" "./timers_uart.obj" "./tm4c123gh6pm_startup_ccs.obj" "./uartstdio.obj" "C:/ti/TivaWare_C_Series-2.2.0.295/driverlib/ccs/Debug/driverlib.lib" "../tm4c123gh6pm.cmd"  -llibc.a 
<Linking>
Finished building target: "lab6.out"
 

**** Build Finished ****

**** Build of configuration Debug for project lab6 ****

"C:\\ti\\ccs1110\\ccs\\utils\\bin\\gmake" -k -j 16 all -O 
 
Building target: "lab6.out"
Invoking: Arm Linker
"C:/ti/ccs1110/ccs/tools/compiler/ti-cgt-arm_20.2.5.LTS/bin/armcl" -mv7M4 --code_state=16 --float_support=FPv4SPD16 -me --define=ccs="ccs" --define=TARGET_IS_TM4C123_RB1 --define=PART_TM4C123GH6PM -g --gcc --diag_warning=225 --diag_wrap=off --display_error_number --abi=eabi -z -m"lab6.map" --heap_size=0 --stack_size=512 -i"C:/ti/ccs1110/ccs/tools/compiler/ti-cgt-arm_20.2.5.LTS/lib" -i"C:/ti/ccs1110/ccs/tools/compiler/ti-cgt-arm_20.2.5.LTS/include" --reread_libs --diag_wrap=off --display_error_number --warn_sections --xml_link_info="lab6_linkInfo.xml" --rom_model -o "lab6.out" "./timers_uart.obj" "./tm4c123gh6pm_startup_ccs.obj" "./uartstdio.obj" "C:/ti/TivaWare_C_Series-2.2.0.295/driverlib/ccs/Debug/driverlib.lib" "../tm4c123gh6pm.cmd"  -llibc.a 
<Linking>
Finished building target: "lab6.out"
 

**** Build Finished ****

**** Build of configuration Debug for project lab6 ****

"C:\\ti\\ccs1110\\ccs\\utils\\bin\\gmake" -k -j 16 all -O 
 
gmake[1]: 'lab6.out' is up to date.

**** Build Finished ****

**** Build of configuration Release for project lab6 ****

"C:\\ti\\ccs1110\\ccs\\utils\\bin\\gmake" -k -j 16 all -O 
 
Building file: "../timers_uart.c"
Invoking: Arm Compiler
"C:/ti/ccs1110/ccs/tools/compiler/ti-cgt-arm_20.2.5.LTS/bin/armcl" -mv7M4 --code_state=16 --float_support=FPv4SPD16 -me -O2 --include_path="C:/Users/fersa/Desktop/UVG/Sem1_4/Procesamiento de Señales/CCS/lab6" --include_path="C:/ti/ccs1110/ccs/tools/compiler/ti-cgt-arm_20.2.5.LTS/include" --define=ccs="ccs" --define=PART_TM4C123GH6PM --gcc --diag_warning=225 --diag_wrap=off --display_error_number --abi=eabi --preproc_with_compile --preproc_dependency="timers_uart.d_raw"  "../timers_uart.c"
 
>> Compilation failure
subdir_rules.mk:9: recipe for target 'timers_uart.obj' failed
"../timers_uart.c", line 36: fatal error #1965: cannot open source file "inc/hw_ints.h"
1 catastrophic error detected in the compilation of "../timers_uart.c".
Compilation terminated.
gmake: *** [timers_uart.obj] Error 1
Building file: "../uartstdio.c"
Invoking: Arm Compiler
"C:/ti/ccs1110/ccs/tools/compiler/ti-cgt-arm_20.2.5.LTS/bin/armcl" -mv7M4 --code_state=16 --float_support=FPv4SPD16 -me -O2 --include_path="C:/Users/fersa/Desktop/UVG/Sem1_4/Procesamiento de Señales/CCS/lab6" --include_path="C:/ti/ccs1110/ccs/tools/compiler/ti-cgt-arm_20.2.5.LTS/include" --define=ccs="ccs" --define=PART_TM4C123GH6PM --gcc --diag_warning=225 --diag_wrap=off --display_error_number --abi=eabi --preproc_with_compile --preproc_dependency="uartstdio.d_raw"  "../uartstdio.c"
 
>> Compilation failure
subdir_rules.mk:9: recipe for target 'uartstdio.obj' failed
"../uartstdio.c", line 28: fatal error #1965: cannot open source file "inc/hw_ints.h"
1 catastrophic error detected in the compilation of "../uartstdio.c".
Compilation terminated.
gmake: *** [uartstdio.obj] Error 1
Building file: "../tm4c123gh6pm_startup_ccs.c"
Invoking: Arm Compiler
"C:/ti/ccs1110/ccs/tools/compiler/ti-cgt-arm_20.2.5.LTS/bin/armcl" -mv7M4 --code_state=16 --float_support=FPv4SPD16 -me -O2 --include_path="C:/Users/fersa/Desktop/UVG/Sem1_4/Procesamiento de Señales/CCS/lab6" --include_path="C:/ti/ccs1110/ccs/tools/compiler/ti-cgt-arm_20.2.5.LTS/include" --define=ccs="ccs" --define=PART_TM4C123GH6PM --gcc --diag_warning=225 --diag_wrap=off --display_error_number --abi=eabi --preproc_with_compile --preproc_dependency="tm4c123gh6pm_startup_ccs.d_raw"  "../tm4c123gh6pm_startup_ccs.c"
Finished building: "../tm4c123gh6pm_startup_ccs.c"
 
gmake: Target 'all' not remade because of errors.

**** Build Finished ****

**** Build of configuration Debug for project lab6 ****

"C:\\ti\\ccs1110\\ccs\\utils\\bin\\gmake" -k -j 16 all -O 
 
gmake[1]: 'lab6.out' is up to date.

**** Build Finished ****

**** Build of configuration Debug for project lab6 ****

"C:\\ti\\ccs1110\\ccs\\utils\\bin\\gmake" -k -j 16 all -O 
 
gmake[1]: 'lab6.out' is up to date.

**** Build Finished ****

**** Build of configuration Release for project lab6 ****

"C:\\ti\\ccs1110\\ccs\\utils\\bin\\gmake" -k -j 16 all -O 
 
Building file: "../timers_uart.c"
Invoking: Arm Compiler
"C:/ti/ccs1110/ccs/tools/compiler/ti-cgt-arm_20.2.5.LTS/bin/armcl" -mv7M4 --code_state=16 --float_support=FPv4SPD16 -me -O2 --include_path="C:/Users/fersa/Desktop/UVG/Sem1_4/Procesamiento de Señales/CCS/lab6" --include_path="C:/ti/ccs1110/ccs/tools/compiler/ti-cgt-arm_20.2.5.LTS/include" --define=ccs="ccs" --define=PART_TM4C123GH6PM --gcc --diag_warning=225 --diag_wrap=off --display_error_number --abi=eabi --preproc_with_compile --preproc_dependency="timers_uart.d_raw"  "../timers_uart.c"
 
>> Compilation failure
subdir_rules.mk:9: recipe for target 'timers_uart.obj' failed
"../timers_uart.c", line 36: fatal error #1965: cannot open source file "inc/hw_ints.h"
1 catastrophic error detected in the compilation of "../timers_uart.c".
Compilation terminated.
gmake: *** [timers_uart.obj] Error 1
Building file: "../uartstdio.c"
Invoking: Arm Compiler
"C:/ti/ccs1110/ccs/tools/compiler/ti-cgt-arm_20.2.5.LTS/bin/armcl" -mv7M4 --code_state=16 --float_support=FPv4SPD16 -me -O2 --include_path="C:/Users/fersa/Desktop/UVG/Sem1_4/Procesamiento de Señales/CCS/lab6" --include_path="C:/ti/ccs1110/ccs/tools/compiler/ti-cgt-arm_20.2.5.LTS/include" --define=ccs="ccs" --define=PART_TM4C123GH6PM --gcc --diag_warning=225 --diag_wrap=off --display_error_number --abi=eabi --preproc_with_compile --preproc_dependency="uartstdio.d_raw"  "../uartstdio.c"
 
>> Compilation failure
subdir_rules.mk:9: recipe for target 'uartstdio.obj' failed
"../uartstdio.c", line 28: fatal error #1965: cannot open source file "inc/hw_ints.h"
1 catastrophic error detected in the compilation of "../uartstdio.c".
Compilation terminated.
gmake: *** [uartstdio.obj] Error 1
gmake: Target 'all' not remade because of errors.

**** Build Finished ****

**** Build of configuration Release for project lab6 ****

"C:\\ti\\ccs1110\\ccs\\utils\\bin\\gmake" -k -j 16 all -O 
 
Building file: "../timers_uart.c"
Invoking: Arm Compiler
"C:/ti/ccs1110/ccs/tools/compiler/ti-cgt-arm_20.2.5.LTS/bin/armcl" -mv7M4 --code_state=16 --float_support=FPv4SPD16 -me -O2 --include_path="C:/Users/fersa/Desktop/UVG/Sem1_4/Procesamiento de Señales/CCS/lab6" --include_path="C:/ti/ccs1110/ccs/tools/compiler/ti-cgt-arm_20.2.5.LTS/include" --define=ccs="ccs" --define=PART_TM4C123GH6PM --gcc --diag_warning=225 --diag_wrap=off --display_error_number --abi=eabi --preproc_with_compile --preproc_dependency="timers_uart.d_raw"  "../timers_uart.c"
 
>> Compilation failure
subdir_rules.mk:9: recipe for target 'timers_uart.obj' failed
"../timers_uart.c", line 36: fatal error #1965: cannot open source file "inc/hw_ints.h"
1 catastrophic error detected in the compilation of "../timers_uart.c".
Compilation terminated.
gmake: *** [timers_uart.obj] Error 1
Building file: "../uartstdio.c"
Invoking: Arm Compiler
"C:/ti/ccs1110/ccs/tools/compiler/ti-cgt-arm_20.2.5.LTS/bin/armcl" -mv7M4 --code_state=16 --float_support=FPv4SPD16 -me -O2 --include_path="C:/Users/fersa/Desktop/UVG/Sem1_4/Procesamiento de Señales/CCS/lab6" --include_path="C:/ti/ccs1110/ccs/tools/compiler/ti-cgt-arm_20.2.5.LTS/include" --define=ccs="ccs" --define=PART_TM4C123GH6PM --gcc --diag_warning=225 --diag_wrap=off --display_error_number --abi=eabi --preproc_with_compile --preproc_dependency="uartstdio.d_raw"  "../uartstdio.c"
 
>> Compilation failure
subdir_rules.mk:9: recipe for target 'uartstdio.obj' failed
"../uartstdio.c", line 28: fatal error #1965: cannot open source file "inc/hw_ints.h"
1 catastrophic error detected in the compilation of "../uartstdio.c".
Compilation terminated.
gmake: *** [uartstdio.obj] Error 1
gmake: Target 'all' not remade because of errors.

**** Build Finished ****

**** Build of configuration Debug for project lab6 ****

"C:\\ti\\ccs1110\\ccs\\utils\\bin\\gmake" -k -j 16 all -O 
 
gmake[1]: 'lab6.out' is up to date.

**** Build Finished ****

**** Build of configuration Debug for project lab6 ****

"C:\\ti\\ccs1110\\ccs\\utils\\bin\\gmake" -k -j 16 all -O 
 
gmake[1]: 'lab6.out' is up to date.

**** Build Finished ****

**** Build of configuration Release for project lab6 ****

"C:\\ti\\ccs1110\\ccs\\utils\\bin\\gmake" -k -j 16 all -O 
 
Building file: "../uartstdio.c"
Invoking: Arm Compiler
"C:/ti/ccs1110/ccs/tools/compiler/ti-cgt-arm_20.2.5.LTS/bin/armcl" -mv7M4 --code_state=16 --float_support=FPv4SPD16 -me -O2 --include_path="C:/Users/fersa/Desktop/UVG/Sem1_4/Procesamiento de Señales/CCS/lab6" --include_path="C:/ti/ccs1110/ccs/tools/compiler/ti-cgt-arm_20.2.5.LTS/include" --define=ccs="ccs" --define=PART_TM4C123GH6PM --gcc --diag_warning=225 --diag_wrap=off --display_error_number --abi=eabi --preproc_with_compile --preproc_dependency="uartstdio.d_raw"  "../uartstdio.c"
 
>> Compilation failure
subdir_rules.mk:9: recipe for target 'uartstdio.obj' failed
"../uartstdio.c", line 28: fatal error #1965: cannot open source file "inc/hw_ints.h"
1 catastrophic error detected in the compilation of "../uartstdio.c".
Compilation terminated.
gmake: *** [uartstdio.obj] Error 1
Building file: "../timers_uart.c"
Invoking: Arm Compiler
"C:/ti/ccs1110/ccs/tools/compiler/ti-cgt-arm_20.2.5.LTS/bin/armcl" -mv7M4 --code_state=16 --float_support=FPv4SPD16 -me -O2 --include_path="C:/Users/fersa/Desktop/UVG/Sem1_4/Procesamiento de Señales/CCS/lab6" --include_path="C:/ti/ccs1110/ccs/tools/compiler/ti-cgt-arm_20.2.5.LTS/include" --define=ccs="ccs" --define=PART_TM4C123GH6PM --gcc --diag_warning=225 --diag_wrap=off --display_error_number --abi=eabi --preproc_with_compile --preproc_dependency="timers_uart.d_raw"  "../timers_uart.c"
 
>> Compilation failure
subdir_rules.mk:9: recipe for target 'timers_uart.obj' failed
"../timers_uart.c", line 36: fatal error #1965: cannot open source file "inc/hw_ints.h"
1 catastrophic error detected in the compilation of "../timers_uart.c".
Compilation terminated.
gmake: *** [timers_uart.obj] Error 1
gmake: Target 'all' not remade because of errors.

**** Build Finished ****

**** Build of configuration Release for project lab6 ****

"C:\\ti\\ccs1110\\ccs\\utils\\bin\\gmake" -k -j 16 all -O 
 
Building file: "../timers_uart.c"
Invoking: Arm Compiler
"C:/ti/ccs1110/ccs/tools/compiler/ti-cgt-arm_20.2.5.LTS/bin/armcl" -mv7M4 --code_state=16 --float_support=FPv4SPD16 -me -O2 --include_path="C:/Users/fersa/Desktop/UVG/Sem1_4/Procesamiento de Señales/CCS/lab6" --include_path="C:/ti/ccs1110/ccs/tools/compiler/ti-cgt-arm_20.2.5.LTS/include" --define=ccs="ccs" --define=PART_TM4C123GH6PM --gcc --diag_warning=225 --diag_wrap=off --display_error_number --abi=eabi --preproc_with_compile --preproc_dependency="timers_uart.d_raw"  "../timers_uart.c"
 
>> Compilation failure
subdir_rules.mk:9: recipe for target 'timers_uart.obj' failed
"../timers_uart.c", line 36: fatal error #1965: cannot open source file "inc/hw_ints.h"
1 catastrophic error detected in the compilation of "../timers_uart.c".
Compilation terminated.
gmake: *** [timers_uart.obj] Error 1
Building file: "../uartstdio.c"
Invoking: Arm Compiler
"C:/ti/ccs1110/ccs/tools/compiler/ti-cgt-arm_20.2.5.LTS/bin/armcl" -mv7M4 --code_state=16 --float_support=FPv4SPD16 -me -O2 --include_path="C:/Users/fersa/Desktop/UVG/Sem1_4/Procesamiento de Señales/CCS/lab6" --include_path="C:/ti/ccs1110/ccs/tools/compiler/ti-cgt-arm_20.2.5.LTS/include" --define=ccs="ccs" --define=PART_TM4C123GH6PM --gcc --diag_warning=225 --diag_wrap=off --display_error_number --abi=eabi --preproc_with_compile --preproc_dependency="uartstdio.d_raw"  "../uartstdio.c"
 
>> Compilation failure
subdir_rules.mk:9: recipe for target 'uartstdio.obj' failed
"../uartstdio.c", line 28: fatal error #1965: cannot open source file "inc/hw_ints.h"
1 catastrophic error detected in the compilation of "../uartstdio.c".
Compilation terminated.
gmake: *** [uartstdio.obj] Error 1
gmake: Target 'all' not remade because of errors.

**** Build Finished ****

**** Build of configuration Debug for project lab6 ****

"C:\\ti\\ccs1110\\ccs\\utils\\bin\\gmake" -k -j 16 all -O 
 
gmake[1]: 'lab6.out' is up to date.

**** Build Finished ****

**** Build of configuration Debug for project lab6 ****

"C:\\ti\\ccs1110\\ccs\\utils\\bin\\gmake" -k -j 16 all -O 
 
gmake[1]: 'lab6.out' is up to date.

**** Build Finished ****
